Arguments: 
  /usr/local/bin/node /Users/ankanbhattacharya/.yarn/bin/yarnpkg install

PATH: 
  /Users/ankanbhattacharya/.bun/bin:/Users/ankanbhattacharya/.yarn/bin:/Users/ankanbhattacharya/.config/yarn/global/node_modules/.bin:/opt/homebrew/bin:/Library/Frameworks/Python.framework/Versions/3.10/bin:/usr/local/bin:/usr/bin:/bin:/usr/sbin:/sbin:/Users/ankanbhattacharya/.fig/bin:/Users/ankanbhattacharya/.local/bin:/Users/ankanbhattacharya/Library/Android/sdk/emulator:/Users/ankanbhattacharya/Library/Android/sdk/platform-tools

Yarn version: 
  1.22.19

Node version: 
  16.14.2

Platform: 
  darwin arm64

Trace: 
  Error: https://registry.yarnpkg.com/get-value/-/get-value-2.0.6.tgz: Request failed "503 Service Unavailable"
      at ResponseError.ExtendableBuiltin (/Users/ankanbhattacharya/.yarn/lib/cli.js:696:66)
      at new ResponseError (/Users/ankanbhattacharya/.yarn/lib/cli.js:802:124)
      at Request.<anonymous> (/Users/ankanbhattacharya/.yarn/lib/cli.js:66215:16)
      at Request.emit (node:events:526:28)
      at Request.module.exports.Request.onRequestResponse (/Users/ankanbhattacharya/.yarn/lib/cli.js:141767:10)
      at ClientRequest.emit (node:events:526:28)
      at HTTPParser.parserOnIncomingClient (node:_http_client:618:27)
      at HTTPParser.parserOnHeadersComplete (node:_http_common:128:17)
      at HTTPParser.execute (<anonymous>)
      at TLSSocket.socketOnData (node:_http_client:482:22)

npm manifest: 
  {
    "name": "alan-walker",
    "version": "1.0.0",
    "main": "node_modules/expo/AppEntry.js",
    "scripts": {
      "start": "expo start",
      "android": "expo start --android",
      "ios": "expo start --ios",
      "web": "expo start --web",
      "eject": "expo eject"
    },
    "dependencies": {
      "expo": "~45.0.0",
      "expo-status-bar": "~1.3.0",
      "react": "17.0.2",
      "react-dom": "17.0.2",
      "react-native": "0.68.2",
      "react-native-web": "0.17.7"
    },
    "devDependencies": {
      "@babel/core": "^7.12.9",
      "@types/react": "~17.0.21",
      "@types/react-native": "~0.66.13",
      "typescript": "~4.3.5"
    },
    "private": true
  }

yarn manifest: 
  No manifest

Lockfile: 
  No lockfile
